# JRE version: Java(TM) SE Runtime Environment (8.0_60-b27) (build 1.8.0_60-b27)
# Java VM: Java HotSpot(TM) 64-Bit Server VM (25.60-b23 mixed mode linux-amd64 compressed oops)
Heap:
 PSYoungGen      total 53760K, used 51187K [0x00000000d6f00000, 0x00000000db680000, 0x0000000100000000)
  eden space 49152K, 95% used [0x00000000d6f00000,0x00000000d9c9eb30,0x00000000d9f00000)
  from space 4608K, 97% used [0x00000000db200000,0x00000000db65e358,0x00000000db680000)
  to   space 5120K, 0% used [0x00000000dac80000,0x00000000dac80000,0x00000000db180000)
 ParOldGen       total 55296K, used 5919K [0x0000000084c00000, 0x0000000088200000, 0x00000000d6f00000)
  object space 55296K, 10% used [0x0000000084c00000,0x00000000851c7f28,0x0000000088200000)
 Metaspace       used 30569K, capacity 30814K, committed 31360K, reserved 1077248K
  class space    used 3755K, capacity 3841K, committed 3968K, reserved 1048576K
GC Heap History (10 events):
Event: 1.094 GC heap before
{Heap before GC invocations=1 (full 0):
 PSYoungGen      total 36864K, used 31744K [0x00000000d6f00000, 0x00000000d9800000, 0x0000000100000000)
  eden space 31744K, 100% used [0x00000000d6f00000,0x00000000d8e00000,0x00000000d8e00000)
  from space 5120K, 0% used [0x00000000d9300000,0x00000000d9300000,0x00000000d9800000)
  to   space 5120K, 0% used [0x00000000d8e00000,0x00000000d8e00000,0x00000000d9300000)
 ParOldGen       total 84992K, used 0K [0x0000000084c00000, 0x0000000089f00000, 0x00000000d6f00000)
  object space 84992K, 0% used [0x0000000084c00000,0x0000000084c00000,0x0000000089f00000)
 Metaspace       used 12266K, capacity 12468K, committed 12672K, reserved 1060864K
  class space    used 1503K, capacity 1584K, committed 1664K, reserved 1048576K
Event: 1.102 GC heap after
Heap after GC invocations=1 (full 0):
 PSYoungGen      total 36864K, used 2888K [0x00000000d6f00000, 0x00000000d9800000, 0x0000000100000000)
  eden space 31744K, 0% used [0x00000000d6f00000,0x00000000d6f00000,0x00000000d8e00000)
  from space 5120K, 56% used [0x00000000d8e00000,0x00000000d90d20a0,0x00000000d9300000)
  to   space 5120K, 0% used [0x00000000d9300000,0x00000000d9300000,0x00000000d9800000)
 ParOldGen       total 84992K, used 16K [0x0000000084c00000, 0x0000000089f00000, 0x00000000d6f00000)
  object space 84992K, 0% used [0x0000000084c00000,0x0000000084c04000,0x0000000089f00000)
 Metaspace       used 12266K, capacity 12468K, committed 12672K, reserved 1060864K
  class space    used 1503K, capacity 1584K, committed 1664K, reserved 1048576K
}
Event: 2.388 GC heap before
{Heap before GC invocations=2 (full 0):
 PSYoungGen      total 36864K, used 34632K [0x00000000d6f00000, 0x00000000d9800000, 0x0000000100000000)
  eden space 31744K, 100% used [0x00000000d6f00000,0x00000000d8e00000,0x00000000d8e00000)
  from space 5120K, 56% used [0x00000000d8e00000,0x00000000d90d20a0,0x00000000d9300000)
  to   space 5120K, 0% used [0x00000000d9300000,0x00000000d9300000,0x00000000d9800000)
 ParOldGen       total 84992K, used 16K [0x0000000084c00000, 0x0000000089f00000, 0x00000000d6f00000)
  object space 84992K, 0% used [0x0000000084c00000,0x0000000084c04000,0x0000000089f00000)
 Metaspace       used 20261K, capacity 20422K, committed 20608K, reserved 1067008K
  class space    used 2535K, capacity 2611K, committed 2688K, reserved 1048576K
Event: 2.402 GC heap after
Heap after GC invocations=2 (full 0):
 PSYoungGen      total 36864K, used 5109K [0x00000000d6f00000, 0x00000000d9800000, 0x0000000100000000)
  eden space 31744K, 0% used [0x00000000d6f00000,0x00000000d6f00000,0x00000000d8e00000)
  from space 5120K, 99% used [0x00000000d9300000,0x00000000d97fd568,0x00000000d9800000)
  to   space 5120K, 0% used [0x00000000d8e00000,0x00000000d8e00000,0x00000000d9300000)
 ParOldGen       total 84992K, used 3613K [0x0000000084c00000, 0x0000000089f00000, 0x00000000d6f00000)
  object space 84992K, 4% used [0x0000000084c00000,0x0000000084f87710,0x0000000089f00000)
 Metaspace       used 20261K, capacity 20422K, committed 20608K, reserved 1067008K
  class space    used 2535K, capacity 2611K, committed 2688K, reserved 1048576K
}
Event: 2.516 GC heap before
{Heap before GC invocations=3 (full 0):
 PSYoungGen      total 36864K, used 9524K [0x00000000d6f00000, 0x00000000d9800000, 0x0000000100000000)
  eden space 31744K, 13% used [0x00000000d6f00000,0x00000000d734faf0,0x00000000d8e00000)
  from space 5120K, 99% used [0x00000000d9300000,0x00000000d97fd568,0x00000000d9800000)
  to   space 5120K, 0% used [0x00000000d8e00000,0x00000000d8e00000,0x00000000d9300000)
 ParOldGen       total 84992K, used 3613K [0x0000000084c00000, 0x0000000089f00000, 0x00000000d6f00000)
  object space 84992K, 4% used [0x0000000084c00000,0x0000000084f87710,0x0000000089f00000)
 Metaspace       used 20858K, capacity 21030K, committed 21248K, reserved 1067008K
  class space    used 2630K, capacity 2707K, committed 2816K, reserved 1048576K
Event: 2.525 GC heap after
Heap after GC invocations=3 (full 0):
 PSYoungGen      total 36864K, used 5110K [0x00000000d6f00000, 0x00000000db700000, 0x0000000100000000)
  eden space 31744K, 0% used [0x00000000d6f00000,0x00000000d6f00000,0x00000000d8e00000)
  from space 5120K, 99% used [0x00000000d8e00000,0x00000000d92fd938,0x00000000d9300000)
  to   space 5120K, 0% used [0x00000000db200000,0x00000000db200000,0x00000000db700000)
 ParOldGen       total 84992K, used 4035K [0x0000000084c00000, 0x0000000089f00000, 0x00000000d6f00000)
  object space 84992K, 4% used [0x0000000084c00000,0x0000000084ff0ec8,0x0000000089f00000)
 Metaspace       used 20858K, capacity 21030K, committed 21248K, reserved 1067008K
  class space    used 2630K, capacity 2707K, committed 2816K, reserved 1048576K
}
Event: 2.525 GC heap before
{Heap before GC invocations=4 (full 1):
 PSYoungGen      total 36864K, used 5110K [0x00000000d6f00000, 0x00000000db700000, 0x0000000100000000)
  eden space 31744K, 0% used [0x00000000d6f00000,0x00000000d6f00000,0x00000000d8e00000)
  from space 5120K, 99% used [0x00000000d8e00000,0x00000000d92fd938,0x00000000d9300000)
  to   space 5120K, 0% used [0x00000000db200000,0x00000000db200000,0x00000000db700000)
 ParOldGen       total 84992K, used 4035K [0x0000000084c00000, 0x0000000089f00000, 0x00000000d6f00000)
  object space 84992K, 4% used [0x0000000084c00000,0x0000000084ff0ec8,0x0000000089f00000)
 Metaspace       used 20858K, capacity 21030K, committed 21248K, reserved 1067008K
  class space    used 2630K, capacity 2707K, committed 2816K, reserved 1048576K
Event: 2.577 GC heap after
Heap after GC invocations=4 (full 1):
 PSYoungGen      total 36864K, used 0K [0x00000000d6f00000, 0x00000000db700000, 0x0000000100000000)
  eden space 31744K, 0% used [0x00000000d6f00000,0x00000000d6f00000,0x00000000d8e00000)
  from space 5120K, 0% used [0x00000000d8e00000,0x00000000d8e00000,0x00000000d9300000)
  to   space 5120K, 0% used [0x00000000db200000,0x00000000db200000,0x00000000db700000)
 ParOldGen       total 55296K, used 5911K [0x0000000084c00000, 0x0000000088200000, 0x00000000d6f00000)
  object space 55296K, 10% used [0x0000000084c00000,0x00000000851c5f28,0x0000000088200000)
 Metaspace       used 20858K, capacity 21030K, committed 21248K, reserved 1067008K
  class space    used 2630K, capacity 2707K, committed 2816K, reserved 1048576K
}
Event: 3.404 GC heap before
{Heap before GC invocations=5 (full 1):
 PSYoungGen      total 36864K, used 31744K [0x00000000d6f00000, 0x00000000db700000, 0x0000000100000000)
  eden space 31744K, 100% used [0x00000000d6f00000,0x00000000d8e00000,0x00000000d8e00000)
  from space 5120K, 0% used [0x00000000d8e00000,0x00000000d8e00000,0x00000000d9300000)
  to   space 5120K, 0% used [0x00000000db200000,0x00000000db200000,0x00000000db700000)
 ParOldGen       total 55296K, used 5911K [0x0000000084c00000, 0x0000000088200000, 0x00000000d6f00000)
  object space 55296K, 10% used [0x0000000084c00000,0x00000000851c5f28,0x0000000088200000)
 Metaspace       used 24244K, capacity 24450K, committed 24704K, reserved 1071104K
  class space    used 3070K, capacity 3133K, committed 3200K, reserved 1048576K
Event: 3.412 GC heap after
Heap after GC invocations=5 (full 1):
 PSYoungGen      total 53760K, used 4472K [0x00000000d6f00000, 0x00000000db680000, 0x0000000100000000)
  eden space 49152K, 0% used [0x00000000d6f00000,0x00000000d6f00000,0x00000000d9f00000)
  from space 4608K, 97% used [0x00000000db200000,0x00000000db65e358,0x00000000db680000)
  to   space 5120K, 0% used [0x00000000dac80000,0x00000000dac80000,0x00000000db180000)
 ParOldGen       total 55296K, used 5919K [0x0000000084c00000, 0x0000000088200000, 0x00000000d6f00000)
  object space 55296K, 10% used [0x0000000084c00000,0x00000000851c7f28,0x0000000088200000)
 Metaspace       used 24244K, capacity 24450K, committed 24704K, reserved 1071104K
  class space    used 3070K, capacity 3133K, committed 3200K, reserved 1048576K
}

